CRITICAL - 2022-08-27 01:29:56 --> Invalid file: template/admin_template.php
in SYSTEMPATH\Exceptions\FrameworkException.php on line 33.
 1 SYSTEMPATH\View\View.php(201): CodeIgniter\Exceptions\FrameworkException::forInvalidFile('template/admin_template.php')
 2 SYSTEMPATH\View\View.php(229): CodeIgniter\View\View->render('template/admin_template', [], true)
 3 SYSTEMPATH\Common.php(1137): CodeIgniter\View\View->render('webmin/masterdata/category', [], true)
 4 APPPATH\Controllers\Base\WebminController.php(41): view('webmin/masterdata/category', [...])
 5 APPPATH\Controllers\Webmin\Category.php(24): App\Controllers\Base\WebminController->renderView('masterdata/category', [...], 'category.view')
 6 SYSTEMPATH\CodeIgniter.php(904): App\Controllers\Webmin\Category->index()
 7 SYSTEMPATH\CodeIgniter.php(457): CodeIgniter\CodeIgniter->runController(Object(App\Controllers\Webmin\Category))
 8 SYSTEMPATH\CodeIgniter.php(340): CodeIgniter\CodeIgniter->handleRequest(null, Object(Config\Cache), false)
 9 FCPATH\index.php(67): CodeIgniter\CodeIgniter->run()
10 SYSTEMPATH\Commands\Server\rewrite.php(43): require_once('FCPATH\\index.php')
CRITICAL - 2022-08-27 20:17:13 --> Call to undefined function App\Controllers\Webmin\resultJSON()
in APPPATH\Controllers\Webmin\Category.php on line 99.
 1 SYSTEMPATH\CodeIgniter.php(904): App\Controllers\Webmin\Category->getByName()
 2 SYSTEMPATH\CodeIgniter.php(457): CodeIgniter\CodeIgniter->runController(Object(App\Controllers\Webmin\Category))
 3 SYSTEMPATH\CodeIgniter.php(340): CodeIgniter\CodeIgniter->handleRequest(null, Object(Config\Cache), false)
 4 FCPATH\index.php(67): CodeIgniter\CodeIgniter->run()
 5 SYSTEMPATH\Commands\Server\rewrite.php(43): require_once('FCPATH\\index.php')
CRITICAL - 2022-08-27 20:17:13 --> Call to undefined function App\Controllers\Webmin\resultJSON()
in APPPATH\Controllers\Webmin\Category.php on line 99.
 1 SYSTEMPATH\CodeIgniter.php(904): App\Controllers\Webmin\Category->getByName()
 2 SYSTEMPATH\CodeIgniter.php(457): CodeIgniter\CodeIgniter->runController(Object(App\Controllers\Webmin\Category))
 3 SYSTEMPATH\CodeIgniter.php(340): CodeIgniter\CodeIgniter->handleRequest(null, Object(Config\Cache), false)
 4 FCPATH\index.php(67): CodeIgniter\CodeIgniter->run()
 5 SYSTEMPATH\Commands\Server\rewrite.php(43): require_once('FCPATH\\index.php')
CRITICAL - 2022-08-27 20:17:13 --> Call to undefined function App\Controllers\Webmin\resultJSON()
in APPPATH\Controllers\Webmin\Category.php on line 99.
 1 SYSTEMPATH\CodeIgniter.php(904): App\Controllers\Webmin\Category->getByName()
 2 SYSTEMPATH\CodeIgniter.php(457): CodeIgniter\CodeIgniter->runController(Object(App\Controllers\Webmin\Category))
 3 SYSTEMPATH\CodeIgniter.php(340): CodeIgniter\CodeIgniter->handleRequest(null, Object(Config\Cache), false)
 4 FCPATH\index.php(67): CodeIgniter\CodeIgniter->run()
 5 SYSTEMPATH\Commands\Server\rewrite.php(43): require_once('FCPATH\\index.php')
CRITICAL - 2022-08-27 22:33:30 --> Invalid file: devman/log_queries.php
in SYSTEMPATH\Exceptions\FrameworkException.php on line 33.
 1 SYSTEMPATH\View\View.php(201): CodeIgniter\Exceptions\FrameworkException::forInvalidFile('devman/log_queries.php')
 2 SYSTEMPATH\Common.php(1137): CodeIgniter\View\View->render('devman/log_queries', [], true)
 3 APPPATH\Controllers\Devman.php(74): view('devman/log_queries', [...])
 4 SYSTEMPATH\CodeIgniter.php(904): App\Controllers\Devman->logQueries()
 5 SYSTEMPATH\CodeIgniter.php(457): CodeIgniter\CodeIgniter->runController(Object(App\Controllers\Devman))
 6 SYSTEMPATH\CodeIgniter.php(340): CodeIgniter\CodeIgniter->handleRequest(null, Object(Config\Cache), false)
 7 FCPATH\index.php(67): CodeIgniter\CodeIgniter->run()
 8 SYSTEMPATH\Commands\Server\rewrite.php(43): require_once('FCPATH\\index.php')
CRITICAL - 2022-08-27 22:38:15 --> Undefined variable: user_role
in APPPATH\Views\devman\template\admin_template.php on line 109.
 1 APPPATH\Views\devman\template\admin_template.php(109): CodeIgniter\Debug\Exceptions->errorHandler(8, 'Undefined variable: user_role', 'APPPATH\\Views\\devman\\template\\admin_template.php', 109, [...])
 2 SYSTEMPATH\View\View.php(213): include('APPPATH\\Views\\devman\\template\\admin_template.php')
 3 SYSTEMPATH\View\View.php(216): CodeIgniter\View\View->CodeIgniter\View\{closure}()
 4 SYSTEMPATH\View\View.php(229): CodeIgniter\View\View->render('devman/template/admin_template', [], true)
 5 SYSTEMPATH\Common.php(1137): CodeIgniter\View\View->render('devman/log_queries', [], true)
 6 APPPATH\Controllers\Devman.php(74): view('devman/log_queries', [...])
 7 SYSTEMPATH\CodeIgniter.php(904): App\Controllers\Devman->logQueries()
 8 SYSTEMPATH\CodeIgniter.php(457): CodeIgniter\CodeIgniter->runController(Object(App\Controllers\Devman))
 9 SYSTEMPATH\CodeIgniter.php(340): CodeIgniter\CodeIgniter->handleRequest(null, Object(Config\Cache), false)
10 FCPATH\index.php(67): CodeIgniter\CodeIgniter->run()
11 SYSTEMPATH\Commands\Server\rewrite.php(43): require_once('FCPATH\\index.php')
CRITICAL - 2022-08-27 23:38:19 --> syntax error, unexpected '$row' (T_VARIABLE)
in APPPATH\Views\devman\detail_log_queries.php on line 24.
 1 SYSTEMPATH\View\View.php(216): CodeIgniter\View\View->CodeIgniter\View\{closure}()
 2 SYSTEMPATH\Common.php(1137): CodeIgniter\View\View->render('devman/detail_log_queries', [], true)
 3 APPPATH\Controllers\Devman.php(116): view('devman/detail_log_queries', [...])
 4 SYSTEMPATH\CodeIgniter.php(904): App\Controllers\Devman->getLogQueriesDetail('2')
 5 SYSTEMPATH\CodeIgniter.php(457): CodeIgniter\CodeIgniter->runController(Object(App\Controllers\Devman))
 6 SYSTEMPATH\CodeIgniter.php(340): CodeIgniter\CodeIgniter->handleRequest(null, Object(Config\Cache), false)
 7 FCPATH\index.php(67): CodeIgniter\CodeIgniter->run()
 8 SYSTEMPATH\Commands\Server\rewrite.php(43): require_once('FCPATH\\index.php')
CRITICAL - 2022-08-27 23:46:59 --> Undefined variable: logs
in APPPATH\Views\devman\log_queries.php on line 62.
 1 APPPATH\Views\devman\log_queries.php(62): CodeIgniter\Debug\Exceptions->errorHandler(8, 'Undefined variable: logs', 'APPPATH\\Views\\devman\\log_queries.php', 62, [...])
 2 SYSTEMPATH\View\View.php(213): include('APPPATH\\Views\\devman\\log_queries.php')
 3 SYSTEMPATH\View\View.php(216): CodeIgniter\View\View->CodeIgniter\View\{closure}()
 4 SYSTEMPATH\Common.php(1137): CodeIgniter\View\View->render('devman/log_queries', [], true)
 5 APPPATH\Controllers\Devman.php(74): view('devman/log_queries', [...])
 6 SYSTEMPATH\CodeIgniter.php(904): App\Controllers\Devman->logQueries()
 7 SYSTEMPATH\CodeIgniter.php(457): CodeIgniter\CodeIgniter->runController(Object(App\Controllers\Devman))
 8 SYSTEMPATH\CodeIgniter.php(340): CodeIgniter\CodeIgniter->handleRequest(null, Object(Config\Cache), false)
 9 FCPATH\index.php(67): CodeIgniter\CodeIgniter->run()
10 SYSTEMPATH\Commands\Server\rewrite.php(43): require_once('FCPATH\\index.php')
